[35m[1mConsolidate compiler generated dependencies of target memory_analysis[0m
[35m[1mConsolidate compiler generated dependencies of target vulnerable_subscriber[0m
[ 37%] Built target publisher
[ 50%] Built target subscriber
[ 87%] Built target vulnerable_subscriber
[ 87%] [32mBuilding CXX object CMakeFiles/memory_analysis.dir/src/memory_analysis.cpp.o[0m
[01m[K/home/acelab/ros2_cfi_project/src/basic_communication/src/memory_analysis.cpp:[m[K In member function ‘[01m[Kvoid MemoryAnalysisNode::message_callback(std_msgs::msg::String_<std::allocator<void> >::SharedPtr)[m[K’:
[01m[K/home/acelab/ros2_cfi_project/src/basic_communication/src/memory_analysis.cpp:56:79:[m[K [01;35m[Kwarning: [m[Kconverting from ‘[01m[Kvoid (MemoryAnalysisNode::*)(std_msgs::msg::String_<std::allocator<void> >::SharedPtr)[m[K’ {aka ‘[01m[Kvoid (MemoryAnalysisNode::*)(std::shared_ptr<std_msgs::msg::String_<std::allocator<void> > >)[m[K’} to ‘[01m[Kvoid*[m[K’ [[01;35m[K]8;;https://gcc.gnu.org/onlinedocs/gcc/Warning-Options.html#index-Wpedantic-Wpedantic]8;;[m[K]
   56 |                  reinterpret_cast<void*>(&MemoryAnalysisNode::message_callback[01;35m[K)[m[K << std::endl;
      |                                                                               [01;35m[K^[m[K
[100%] [32m[1mLinking CXX executable memory_analysis[0m
[100%] Built target memory_analysis
-- Install configuration: ""
-- Up-to-date: /home/acelab/ros2_cfi_project/install/basic_communication/lib/basic_communication/publisher
-- Up-to-date: /home/acelab/ros2_cfi_project/install/basic_communication/lib/basic_communication/subscriber
-- Installing: /home/acelab/ros2_cfi_project/install/basic_communication/lib/basic_communication/memory_analysis
-- Set runtime path of "/home/acelab/ros2_cfi_project/install/basic_communication/lib/basic_communication/memory_analysis" to ""
-- Installing: /home/acelab/ros2_cfi_project/install/basic_communication/lib/basic_communication/vulnerable_subscriber
-- Set runtime path of "/home/acelab/ros2_cfi_project/install/basic_communication/lib/basic_communication/vulnerable_subscriber" to ""
-- Up-to-date: /home/acelab/ros2_cfi_project/install/basic_communication/share/ament_index/resource_index/package_run_dependencies/basic_communication
-- Installing: /home/acelab/ros2_cfi_project/install/basic_communication/share/ament_index/resource_index/parent_prefix_path/basic_communication
-- Up-to-date: /home/acelab/ros2_cfi_project/install/basic_communication/share/basic_communication/environment/ament_prefix_path.sh
-- Installing: /home/acelab/ros2_cfi_project/install/basic_communication/share/basic_communication/environment/ament_prefix_path.dsv
-- Up-to-date: /home/acelab/ros2_cfi_project/install/basic_communication/share/basic_communication/environment/path.sh
-- Installing: /home/acelab/ros2_cfi_project/install/basic_communication/share/basic_communication/environment/path.dsv
-- Up-to-date: /home/acelab/ros2_cfi_project/install/basic_communication/share/basic_communication/local_setup.bash
-- Up-to-date: /home/acelab/ros2_cfi_project/install/basic_communication/share/basic_communication/local_setup.sh
-- Up-to-date: /home/acelab/ros2_cfi_project/install/basic_communication/share/basic_communication/local_setup.zsh
-- Installing: /home/acelab/ros2_cfi_project/install/basic_communication/share/basic_communication/local_setup.dsv
-- Installing: /home/acelab/ros2_cfi_project/install/basic_communication/share/basic_communication/package.dsv
-- Up-to-date: /home/acelab/ros2_cfi_project/install/basic_communication/share/ament_index/resource_index/packages/basic_communication
-- Up-to-date: /home/acelab/ros2_cfi_project/install/basic_communication/share/basic_communication/cmake/basic_communicationConfig.cmake
-- Up-to-date: /home/acelab/ros2_cfi_project/install/basic_communication/share/basic_communication/cmake/basic_communicationConfig-version.cmake
-- Up-to-date: /home/acelab/ros2_cfi_project/install/basic_communication/share/basic_communication/package.xml
