-- Found ament_cmake: 1.3.11 (/opt/ros/humble/share/ament_cmake/cmake)
-- Found rclcpp: 16.0.12 (/opt/ros/humble/share/rclcpp/cmake)
-- Found rosidl_generator_c: 3.1.6 (/opt/ros/humble/share/rosidl_generator_c/cmake)
-- Found rosidl_adapter: 3.1.6 (/opt/ros/humble/share/rosidl_adapter/cmake)
-- Found rosidl_generator_cpp: 3.1.6 (/opt/ros/humble/share/rosidl_generator_cpp/cmake)
-- Using all available rosidl_typesupport_c: rosidl_typesupport_fastrtps_c;rosidl_typesupport_introspection_c
-- Using all available rosidl_typesupport_cpp: rosidl_typesupport_fastrtps_cpp;rosidl_typesupport_introspection_cpp
-- Found rmw_implementation_cmake: 6.1.2 (/opt/ros/humble/share/rmw_implementation_cmake/cmake)
-- Found rmw_fastrtps_cpp: 6.2.7 (/opt/ros/humble/share/rmw_fastrtps_cpp/cmake)
-- Using RMW implementation 'rmw_fastrtps_cpp' as default
-- Found ament_lint_auto: 0.12.12 (/opt/ros/humble/share/ament_lint_auto/cmake)
-- Added test 'cppcheck' to perform static code analysis on C / C++ code
-- Configured cppcheck include dirs: 
-- Configured cppcheck exclude dirs and/or files: 
-- Added test 'lint_cmake' to check CMake code style
-- Added test 'uncrustify' to check C / C++ code style
-- Configured uncrustify additional arguments: 
-- Added test 'xmllint' to check XML markup files
-- Configuring done
-- Generating done
-- Build files have been written to: /home/acelab/ros2_cfi_project/build/basic_communication
[35m[1mConsolidate compiler generated dependencies of target publisher[0m
[35m[1mConsolidate compiler generated dependencies of target memory_analysis[0m
[35m[1mConsolidate compiler generated dependencies of target vulnerable_subscriber[0m
[35m[1mConsolidate compiler generated dependencies of target subscriber[0m
[ 50%] [32mBuilding CXX object CMakeFiles/subscriber.dir/src/subscriber.cpp.o[0m
[ 50%] [32mBuilding CXX object CMakeFiles/vulnerable_subscriber.dir/src/vulnerable_subscriber.cpp.o[0m
[ 50%] [32mBuilding CXX object CMakeFiles/publisher.dir/src/publisher.cpp.o[0m
[ 50%] [32mBuilding CXX object CMakeFiles/memory_analysis.dir/src/memory_analysis.cpp.o[0m
[ 62%] [32m[1mLinking CXX executable publisher[0m
[ 62%] Built target publisher
[ 75%] [32m[1mLinking CXX executable subscriber[0m
[ 87%] [32m[1mLinking CXX executable memory_analysis[0m
[100%] [32m[1mLinking CXX executable vulnerable_subscriber[0m
[100%] Built target subscriber
[100%] Built target memory_analysis
[100%] Built target vulnerable_subscriber
-- Install configuration: "Debug"
-- Installing: /home/acelab/ros2_cfi_project/install/basic_communication/lib/basic_communication/publisher
-- Set runtime path of "/home/acelab/ros2_cfi_project/install/basic_communication/lib/basic_communication/publisher" to ""
-- Installing: /home/acelab/ros2_cfi_project/install/basic_communication/lib/basic_communication/subscriber
-- Set runtime path of "/home/acelab/ros2_cfi_project/install/basic_communication/lib/basic_communication/subscriber" to ""
-- Installing: /home/acelab/ros2_cfi_project/install/basic_communication/lib/basic_communication/memory_analysis
-- Set runtime path of "/home/acelab/ros2_cfi_project/install/basic_communication/lib/basic_communication/memory_analysis" to ""
-- Installing: /home/acelab/ros2_cfi_project/install/basic_communication/lib/basic_communication/vulnerable_subscriber
-- Set runtime path of "/home/acelab/ros2_cfi_project/install/basic_communication/lib/basic_communication/vulnerable_subscriber" to ""
-- Up-to-date: /home/acelab/ros2_cfi_project/install/basic_communication/share/ament_index/resource_index/package_run_dependencies/basic_communication
-- Installing: /home/acelab/ros2_cfi_project/install/basic_communication/share/ament_index/resource_index/parent_prefix_path/basic_communication
-- Up-to-date: /home/acelab/ros2_cfi_project/install/basic_communication/share/basic_communication/environment/ament_prefix_path.sh
-- Installing: /home/acelab/ros2_cfi_project/install/basic_communication/share/basic_communication/environment/ament_prefix_path.dsv
-- Up-to-date: /home/acelab/ros2_cfi_project/install/basic_communication/share/basic_communication/environment/path.sh
-- Installing: /home/acelab/ros2_cfi_project/install/basic_communication/share/basic_communication/environment/path.dsv
-- Up-to-date: /home/acelab/ros2_cfi_project/install/basic_communication/share/basic_communication/local_setup.bash
-- Up-to-date: /home/acelab/ros2_cfi_project/install/basic_communication/share/basic_communication/local_setup.sh
-- Up-to-date: /home/acelab/ros2_cfi_project/install/basic_communication/share/basic_communication/local_setup.zsh
-- Installing: /home/acelab/ros2_cfi_project/install/basic_communication/share/basic_communication/local_setup.dsv
-- Installing: /home/acelab/ros2_cfi_project/install/basic_communication/share/basic_communication/package.dsv
-- Up-to-date: /home/acelab/ros2_cfi_project/install/basic_communication/share/ament_index/resource_index/packages/basic_communication
-- Up-to-date: /home/acelab/ros2_cfi_project/install/basic_communication/share/basic_communication/cmake/basic_communicationConfig.cmake
-- Up-to-date: /home/acelab/ros2_cfi_project/install/basic_communication/share/basic_communication/cmake/basic_communicationConfig-version.cmake
-- Up-to-date: /home/acelab/ros2_cfi_project/install/basic_communication/share/basic_communication/package.xml
