[35m[1mConsolidate compiler generated dependencies of target memory_analysis[0m
[ 50%] [32mBuilding CXX object CMakeFiles/vulnerable_subscriber.dir/src/vulnerable_subscriber.cpp.o[0m
[ 62%] Built target subscriber
[ 62%] Built target publisher
[ 87%] Built target memory_analysis
[100%] [32m[1mLinking CXX executable vulnerable_subscriber[0m
[100%] Built target vulnerable_subscriber
-- Install configuration: ""
-- Up-to-date: /home/acelab/ros2_cfi_project/install/basic_communication/lib/basic_communication/publisher
-- Up-to-date: /home/acelab/ros2_cfi_project/install/basic_communication/lib/basic_communication/subscriber
-- Up-to-date: /home/acelab/ros2_cfi_project/install/basic_communication/lib/basic_communication/memory_analysis
-- Installing: /home/acelab/ros2_cfi_project/install/basic_communication/lib/basic_communication/vulnerable_subscriber
-- Set runtime path of "/home/acelab/ros2_cfi_project/install/basic_communication/lib/basic_communication/vulnerable_subscriber" to ""
-- Up-to-date: /home/acelab/ros2_cfi_project/install/basic_communication/share/ament_index/resource_index/package_run_dependencies/basic_communication
-- Up-to-date: /home/acelab/ros2_cfi_project/install/basic_communication/share/ament_index/resource_index/parent_prefix_path/basic_communication
-- Up-to-date: /home/acelab/ros2_cfi_project/install/basic_communication/share/basic_communication/environment/ament_prefix_path.sh
-- Up-to-date: /home/acelab/ros2_cfi_project/install/basic_communication/share/basic_communication/environment/ament_prefix_path.dsv
-- Up-to-date: /home/acelab/ros2_cfi_project/install/basic_communication/share/basic_communication/environment/path.sh
-- Up-to-date: /home/acelab/ros2_cfi_project/install/basic_communication/share/basic_communication/environment/path.dsv
-- Up-to-date: /home/acelab/ros2_cfi_project/install/basic_communication/share/basic_communication/local_setup.bash
-- Up-to-date: /home/acelab/ros2_cfi_project/install/basic_communication/share/basic_communication/local_setup.sh
-- Up-to-date: /home/acelab/ros2_cfi_project/install/basic_communication/share/basic_communication/local_setup.zsh
-- Up-to-date: /home/acelab/ros2_cfi_project/install/basic_communication/share/basic_communication/local_setup.dsv
-- Installing: /home/acelab/ros2_cfi_project/install/basic_communication/share/basic_communication/package.dsv
-- Up-to-date: /home/acelab/ros2_cfi_project/install/basic_communication/share/ament_index/resource_index/packages/basic_communication
-- Up-to-date: /home/acelab/ros2_cfi_project/install/basic_communication/share/basic_communication/cmake/basic_communicationConfig.cmake
-- Up-to-date: /home/acelab/ros2_cfi_project/install/basic_communication/share/basic_communication/cmake/basic_communicationConfig-version.cmake
-- Up-to-date: /home/acelab/ros2_cfi_project/install/basic_communication/share/basic_communication/package.xml
