-- The C compiler identification is GNU 11.4.0
-- The CXX compiler identification is GNU 11.4.0
-- Detecting C compiler ABI info
-- Detecting C compiler ABI info - done
-- Check for working C compiler: /usr/bin/cc - skipped
-- Detecting C compile features
-- Detecting C compile features - done
-- Detecting CXX compiler ABI info
-- Detecting CXX compiler ABI info - done
-- Check for working CXX compiler: /usr/bin/c++ - skipped
-- Detecting CXX compile features
-- Detecting CXX compile features - done
-- Found ament_cmake: 1.3.11 (/opt/ros/humble/share/ament_cmake/cmake)
-- Found Python3: /usr/bin/python3 (found version "3.10.12") found components: Interpreter 
-- Found rclcpp: 16.0.12 (/opt/ros/humble/share/rclcpp/cmake)
-- Found rosidl_generator_c: 3.1.6 (/opt/ros/humble/share/rosidl_generator_c/cmake)
-- Found rosidl_adapter: 3.1.6 (/opt/ros/humble/share/rosidl_adapter/cmake)
-- Found rosidl_generator_cpp: 3.1.6 (/opt/ros/humble/share/rosidl_generator_cpp/cmake)
-- Using all available rosidl_typesupport_c: rosidl_typesupport_fastrtps_c;rosidl_typesupport_introspection_c
-- Using all available rosidl_typesupport_cpp: rosidl_typesupport_fastrtps_cpp;rosidl_typesupport_introspection_cpp
-- Found rmw_implementation_cmake: 6.1.2 (/opt/ros/humble/share/rmw_implementation_cmake/cmake)
-- Found rmw_fastrtps_cpp: 6.2.7 (/opt/ros/humble/share/rmw_fastrtps_cpp/cmake)
-- Found OpenSSL: /usr/lib/x86_64-linux-gnu/libcrypto.so (found version "3.0.2")  
-- Found FastRTPS: /opt/ros/humble/include  
-- Using RMW implementation 'rmw_fastrtps_cpp' as default
-- Looking for pthread.h
-- Looking for pthread.h - found
-- Performing Test CMAKE_HAVE_LIBC_PTHREAD
-- Performing Test CMAKE_HAVE_LIBC_PTHREAD - Success
-- Found Threads: TRUE  
-- Found ament_lint_auto: 0.12.12 (/opt/ros/humble/share/ament_lint_auto/cmake)
-- Added test 'cppcheck' to perform static code analysis on C / C++ code
-- Configured cppcheck include dirs: 
-- Configured cppcheck exclude dirs and/or files: 
-- Added test 'lint_cmake' to check CMake code style
-- Added test 'uncrustify' to check C / C++ code style
-- Configured uncrustify additional arguments: 
-- Added test 'xmllint' to check XML markup files
-- Configuring done
-- Generating done
-- Build files have been written to: /home/acelab/ros2_cfi_project/build/basic_communication
[ 25%] [32mBuilding CXX object CMakeFiles/publisher.dir/src/publisher.cpp.o[0m
[ 50%] [32mBuilding CXX object CMakeFiles/subscriber.dir/src/subscriber.cpp.o[0m
[ 75%] [32m[1mLinking CXX executable publisher[0m
[ 75%] Built target publisher
[100%] [32m[1mLinking CXX executable subscriber[0m
[100%] Built target subscriber
-- Install configuration: ""
-- Installing: /home/acelab/ros2_cfi_project/install/basic_communication/lib/basic_communication/publisher
-- Set runtime path of "/home/acelab/ros2_cfi_project/install/basic_communication/lib/basic_communication/publisher" to ""
-- Installing: /home/acelab/ros2_cfi_project/install/basic_communication/lib/basic_communication/subscriber
-- Set runtime path of "/home/acelab/ros2_cfi_project/install/basic_communication/lib/basic_communication/subscriber" to ""
-- Installing: /home/acelab/ros2_cfi_project/install/basic_communication/share/ament_index/resource_index/package_run_dependencies/basic_communication
-- Installing: /home/acelab/ros2_cfi_project/install/basic_communication/share/ament_index/resource_index/parent_prefix_path/basic_communication
-- Installing: /home/acelab/ros2_cfi_project/install/basic_communication/share/basic_communication/environment/ament_prefix_path.sh
-- Installing: /home/acelab/ros2_cfi_project/install/basic_communication/share/basic_communication/environment/ament_prefix_path.dsv
-- Installing: /home/acelab/ros2_cfi_project/install/basic_communication/share/basic_communication/environment/path.sh
-- Installing: /home/acelab/ros2_cfi_project/install/basic_communication/share/basic_communication/environment/path.dsv
-- Installing: /home/acelab/ros2_cfi_project/install/basic_communication/share/basic_communication/local_setup.bash
-- Installing: /home/acelab/ros2_cfi_project/install/basic_communication/share/basic_communication/local_setup.sh
-- Installing: /home/acelab/ros2_cfi_project/install/basic_communication/share/basic_communication/local_setup.zsh
-- Installing: /home/acelab/ros2_cfi_project/install/basic_communication/share/basic_communication/local_setup.dsv
-- Installing: /home/acelab/ros2_cfi_project/install/basic_communication/share/basic_communication/package.dsv
-- Installing: /home/acelab/ros2_cfi_project/install/basic_communication/share/ament_index/resource_index/packages/basic_communication
-- Installing: /home/acelab/ros2_cfi_project/install/basic_communication/share/basic_communication/cmake/basic_communicationConfig.cmake
-- Installing: /home/acelab/ros2_cfi_project/install/basic_communication/share/basic_communication/cmake/basic_communicationConfig-version.cmake
-- Installing: /home/acelab/ros2_cfi_project/install/basic_communication/share/basic_communication/package.xml
