[0.008s] Invoking command in '/home/acelab/ros2_cfi_project/build/basic_communication': CMAKE_PREFIX_PATH=/opt/ros/humble /usr/bin/cmake /home/acelab/ros2_cfi_project/src/basic_communication -DCMAKE_INSTALL_PREFIX=/home/acelab/ros2_cfi_project/install/basic_communication
[0.097s] -- The C compiler identification is GNU 11.4.0
[0.172s] -- The CXX compiler identification is GNU 11.4.0
[0.180s] -- Detecting C compiler ABI info
[0.245s] -- Detecting C compiler ABI info - done
[0.251s] -- Check for working C compiler: /usr/bin/cc - skipped
[0.252s] -- Detecting C compile features
[0.252s] -- Detecting C compile features - done
[0.255s] -- Detecting CXX compiler ABI info
[0.324s] -- Detecting CXX compiler ABI info - done
[0.337s] -- Check for working CXX compiler: /usr/bin/c++ - skipped
[0.337s] -- Detecting CXX compile features
[0.338s] -- Detecting CXX compile features - done
[0.344s] -- Found ament_cmake: 1.3.11 (/opt/ros/humble/share/ament_cmake/cmake)
[0.466s] -- Found Python3: /usr/bin/python3 (found version "3.10.12") found components: Interpreter 
[0.545s] -- Found rclcpp: 16.0.12 (/opt/ros/humble/share/rclcpp/cmake)
[0.585s] -- Found rosidl_generator_c: 3.1.6 (/opt/ros/humble/share/rosidl_generator_c/cmake)
[0.589s] -- Found rosidl_adapter: 3.1.6 (/opt/ros/humble/share/rosidl_adapter/cmake)
[0.597s] -- Found rosidl_generator_cpp: 3.1.6 (/opt/ros/humble/share/rosidl_generator_cpp/cmake)
[0.609s] -- Using all available rosidl_typesupport_c: rosidl_typesupport_fastrtps_c;rosidl_typesupport_introspection_c
[0.624s] -- Using all available rosidl_typesupport_cpp: rosidl_typesupport_fastrtps_cpp;rosidl_typesupport_introspection_cpp
[0.665s] -- Found rmw_implementation_cmake: 6.1.2 (/opt/ros/humble/share/rmw_implementation_cmake/cmake)
[0.667s] -- Found rmw_fastrtps_cpp: 6.2.7 (/opt/ros/humble/share/rmw_fastrtps_cpp/cmake)
[0.753s] -- Found OpenSSL: /usr/lib/x86_64-linux-gnu/libcrypto.so (found version "3.0.2")  
[0.776s] -- Found FastRTPS: /opt/ros/humble/include  
[0.814s] -- Using RMW implementation 'rmw_fastrtps_cpp' as default
[0.822s] -- Looking for pthread.h
[0.890s] -- Looking for pthread.h - found
[0.891s] -- Performing Test CMAKE_HAVE_LIBC_PTHREAD
[0.953s] -- Performing Test CMAKE_HAVE_LIBC_PTHREAD - Success
[0.954s] -- Found Threads: TRUE  
[1.003s] -- Found ament_lint_auto: 0.12.12 (/opt/ros/humble/share/ament_lint_auto/cmake)
[1.065s] -- Added test 'cppcheck' to perform static code analysis on C / C++ code
[1.065s] -- Configured cppcheck include dirs: 
[1.065s] -- Configured cppcheck exclude dirs and/or files: 
[1.065s] -- Added test 'lint_cmake' to check CMake code style
[1.066s] -- Added test 'uncrustify' to check C / C++ code style
[1.066s] -- Configured uncrustify additional arguments: 
[1.067s] -- Added test 'xmllint' to check XML markup files
[1.068s] -- Configuring done
[1.078s] -- Generating done
[1.081s] -- Build files have been written to: /home/acelab/ros2_cfi_project/build/basic_communication
[1.089s] Invoked command in '/home/acelab/ros2_cfi_project/build/basic_communication' returned '0': CMAKE_PREFIX_PATH=/opt/ros/humble /usr/bin/cmake /home/acelab/ros2_cfi_project/src/basic_communication -DCMAKE_INSTALL_PREFIX=/home/acelab/ros2_cfi_project/install/basic_communication
[1.091s] Invoking command in '/home/acelab/ros2_cfi_project/build/basic_communication': CMAKE_PREFIX_PATH=/opt/ros/humble /usr/bin/cmake --build /home/acelab/ros2_cfi_project/build/basic_communication -- -j16 -l16
[1.133s] [ 25%] [32mBuilding CXX object CMakeFiles/publisher.dir/src/publisher.cpp.o[0m
[1.136s] [ 50%] [32mBuilding CXX object CMakeFiles/subscriber.dir/src/subscriber.cpp.o[0m
[4.286s] [ 75%] [32m[1mLinking CXX executable publisher[0m
[4.433s] [ 75%] Built target publisher
[6.910s] [100%] [32m[1mLinking CXX executable subscriber[0m
[7.191s] [100%] Built target subscriber
[7.201s] Invoked command in '/home/acelab/ros2_cfi_project/build/basic_communication' returned '0': CMAKE_PREFIX_PATH=/opt/ros/humble /usr/bin/cmake --build /home/acelab/ros2_cfi_project/build/basic_communication -- -j16 -l16
[7.209s] Invoking command in '/home/acelab/ros2_cfi_project/build/basic_communication': CMAKE_PREFIX_PATH=/opt/ros/humble /usr/bin/cmake --install /home/acelab/ros2_cfi_project/build/basic_communication
[7.217s] -- Install configuration: ""
[7.217s] -- Installing: /home/acelab/ros2_cfi_project/install/basic_communication/lib/basic_communication/publisher
[7.218s] -- Set runtime path of "/home/acelab/ros2_cfi_project/install/basic_communication/lib/basic_communication/publisher" to ""
[7.218s] -- Installing: /home/acelab/ros2_cfi_project/install/basic_communication/lib/basic_communication/subscriber
[7.222s] -- Set runtime path of "/home/acelab/ros2_cfi_project/install/basic_communication/lib/basic_communication/subscriber" to ""
[7.222s] -- Installing: /home/acelab/ros2_cfi_project/install/basic_communication/share/ament_index/resource_index/package_run_dependencies/basic_communication
[7.222s] -- Installing: /home/acelab/ros2_cfi_project/install/basic_communication/share/ament_index/resource_index/parent_prefix_path/basic_communication
[7.222s] -- Installing: /home/acelab/ros2_cfi_project/install/basic_communication/share/basic_communication/environment/ament_prefix_path.sh
[7.222s] -- Installing: /home/acelab/ros2_cfi_project/install/basic_communication/share/basic_communication/environment/ament_prefix_path.dsv
[7.223s] -- Installing: /home/acelab/ros2_cfi_project/install/basic_communication/share/basic_communication/environment/path.sh
[7.223s] -- Installing: /home/acelab/ros2_cfi_project/install/basic_communication/share/basic_communication/environment/path.dsv
[7.223s] -- Installing: /home/acelab/ros2_cfi_project/install/basic_communication/share/basic_communication/local_setup.bash
[7.223s] -- Installing: /home/acelab/ros2_cfi_project/install/basic_communication/share/basic_communication/local_setup.sh
[7.223s] -- Installing: /home/acelab/ros2_cfi_project/install/basic_communication/share/basic_communication/local_setup.zsh
[7.223s] -- Installing: /home/acelab/ros2_cfi_project/install/basic_communication/share/basic_communication/local_setup.dsv
[7.223s] -- Installing: /home/acelab/ros2_cfi_project/install/basic_communication/share/basic_communication/package.dsv
[7.224s] -- Installing: /home/acelab/ros2_cfi_project/install/basic_communication/share/ament_index/resource_index/packages/basic_communication
[7.224s] -- Installing: /home/acelab/ros2_cfi_project/install/basic_communication/share/basic_communication/cmake/basic_communicationConfig.cmake
[7.224s] -- Installing: /home/acelab/ros2_cfi_project/install/basic_communication/share/basic_communication/cmake/basic_communicationConfig-version.cmake
[7.224s] -- Installing: /home/acelab/ros2_cfi_project/install/basic_communication/share/basic_communication/package.xml
[7.226s] Invoked command in '/home/acelab/ros2_cfi_project/build/basic_communication' returned '0': CMAKE_PREFIX_PATH=/opt/ros/humble /usr/bin/cmake --install /home/acelab/ros2_cfi_project/build/basic_communication
