[0.154s] DEBUG:colcon:Command line arguments: ['/usr/bin/colcon', 'build', '--cmake-args', '-DCMAKE_BUILD_TYPE=Debug']
[0.154s] DEBUG:colcon:Parsed command line arguments: Namespace(log_base=None, log_level=None, verb_name='build', build_base='build', install_base='install', merge_install=False, symlink_install=False, test_result_base=None, continue_on_error=False, executor='parallel', parallel_workers=16, event_handlers=None, ignore_user_meta=False, metas=['./colcon.meta'], base_paths=['.'], packages_ignore=None, packages_ignore_regex=None, paths=None, packages_up_to=None, packages_up_to_regex=None, packages_above=None, packages_above_and_dependencies=None, packages_above_depth=None, packages_select_by_dep=None, packages_skip_by_dep=None, packages_skip_up_to=None, packages_select_build_failed=False, packages_skip_build_finished=False, packages_select_test_failures=False, packages_skip_test_passed=False, packages_select=None, packages_skip=None, packages_select_regex=None, packages_skip_regex=None, packages_start=None, packages_end=None, allow_overriding=[], cmake_args=['-DCMAKE_BUILD_TYPE=Debug'], cmake_target=None, cmake_target_skip_unavailable=False, cmake_clean_cache=False, cmake_clean_first=False, cmake_force_configure=False, ament_cmake_args=None, catkin_cmake_args=None, catkin_skip_building_tests=False, mixin_files=None, mixin=None, verb_parser=<colcon_mixin.mixin.mixin_argument.MixinArgumentDecorator object at 0x78289e2557e0>, verb_extension=<colcon_core.verb.build.BuildVerb object at 0x78289e255240>, main=<bound method BuildVerb.main of <colcon_core.verb.build.BuildVerb object at 0x78289e255240>>, mixin_verb=('build',))
[0.327s] Level 1:colcon.colcon_core.package_discovery:discover_packages(colcon_meta) check parameters
[0.327s] Level 1:colcon.colcon_core.package_discovery:discover_packages(recursive) check parameters
[0.327s] Level 1:colcon.colcon_core.package_discovery:discover_packages(ignore) check parameters
[0.327s] Level 1:colcon.colcon_core.package_discovery:discover_packages(path) check parameters
[0.327s] Level 1:colcon.colcon_core.package_discovery:discover_packages(colcon_meta) discover
[0.327s] Level 1:colcon.colcon_core.package_discovery:discover_packages(recursive) discover
[0.327s] INFO:colcon.colcon_core.package_discovery:Crawling recursively for packages in '/home/acelab/ros2_cfi_project'
[0.327s] Level 1:colcon.colcon_core.package_identification:_identify(.) by extensions ['ignore', 'ignore_ament_install']
[0.327s] Level 1:colcon.colcon_core.package_identification:_identify(.) by extension 'ignore'
[0.327s] Level 1:colcon.colcon_core.package_identification:_identify(.) by extension 'ignore_ament_install'
[0.327s] Level 1:colcon.colcon_core.package_identification:_identify(.) by extensions ['colcon_pkg']
[0.327s] Level 1:colcon.colcon_core.package_identification:_identify(.) by extension 'colcon_pkg'
[0.327s] Level 1:colcon.colcon_core.package_identification:_identify(.) by extensions ['colcon_meta']
[0.327s] Level 1:colcon.colcon_core.package_identification:_identify(.) by extension 'colcon_meta'
[0.327s] Level 1:colcon.colcon_core.package_identification:_identify(.) by extensions ['ros']
[0.327s] Level 1:colcon.colcon_core.package_identification:_identify(.) by extension 'ros'
[0.336s] Level 1:colcon.colcon_core.package_identification:_identify(.) by extensions ['cmake', 'python']
[0.336s] Level 1:colcon.colcon_core.package_identification:_identify(.) by extension 'cmake'
[0.336s] Level 1:colcon.colcon_core.package_identification:_identify(.) by extension 'python'
[0.336s] Level 1:colcon.colcon_core.package_identification:_identify(.) by extensions ['python_setup_py']
[0.336s] Level 1:colcon.colcon_core.package_identification:_identify(.) by extension 'python_setup_py'
[0.336s] Level 1:colcon.colcon_core.package_identification:_identify(build) by extensions ['ignore', 'ignore_ament_install']
[0.336s] Level 1:colcon.colcon_core.package_identification:_identify(build) by extension 'ignore'
[0.336s] Level 1:colcon.colcon_core.package_identification:_identify(build) ignored
[0.336s] Level 1:colcon.colcon_core.package_identification:_identify(install) by extensions ['ignore', 'ignore_ament_install']
[0.337s] Level 1:colcon.colcon_core.package_identification:_identify(install) by extension 'ignore'
[0.337s] Level 1:colcon.colcon_core.package_identification:_identify(install) ignored
[0.337s] Level 1:colcon.colcon_core.package_identification:_identify(log) by extensions ['ignore', 'ignore_ament_install']
[0.337s] Level 1:colcon.colcon_core.package_identification:_identify(log) by extension 'ignore'
[0.337s] Level 1:colcon.colcon_core.package_identification:_identify(log) ignored
[0.337s] Level 1:colcon.colcon_core.package_identification:_identify(src) by extensions ['ignore', 'ignore_ament_install']
[0.337s] Level 1:colcon.colcon_core.package_identification:_identify(src) by extension 'ignore'
[0.337s] Level 1:colcon.colcon_core.package_identification:_identify(src) by extension 'ignore_ament_install'
[0.337s] Level 1:colcon.colcon_core.package_identification:_identify(src) by extensions ['colcon_pkg']
[0.337s] Level 1:colcon.colcon_core.package_identification:_identify(src) by extension 'colcon_pkg'
[0.337s] Level 1:colcon.colcon_core.package_identification:_identify(src) by extensions ['colcon_meta']
[0.337s] Level 1:colcon.colcon_core.package_identification:_identify(src) by extension 'colcon_meta'
[0.337s] Level 1:colcon.colcon_core.package_identification:_identify(src) by extensions ['ros']
[0.337s] Level 1:colcon.colcon_core.package_identification:_identify(src) by extension 'ros'
[0.337s] Level 1:colcon.colcon_core.package_identification:_identify(src) by extensions ['cmake', 'python']
[0.337s] Level 1:colcon.colcon_core.package_identification:_identify(src) by extension 'cmake'
[0.337s] Level 1:colcon.colcon_core.package_identification:_identify(src) by extension 'python'
[0.337s] Level 1:colcon.colcon_core.package_identification:_identify(src) by extensions ['python_setup_py']
[0.337s] Level 1:colcon.colcon_core.package_identification:_identify(src) by extension 'python_setup_py'
[0.337s] Level 1:colcon.colcon_core.package_identification:_identify(src/basic_communication) by extensions ['ignore', 'ignore_ament_install']
[0.338s] Level 1:colcon.colcon_core.package_identification:_identify(src/basic_communication) by extension 'ignore'
[0.338s] Level 1:colcon.colcon_core.package_identification:_identify(src/basic_communication) by extension 'ignore_ament_install'
[0.338s] Level 1:colcon.colcon_core.package_identification:_identify(src/basic_communication) by extensions ['colcon_pkg']
[0.338s] Level 1:colcon.colcon_core.package_identification:_identify(src/basic_communication) by extension 'colcon_pkg'
[0.338s] Level 1:colcon.colcon_core.package_identification:_identify(src/basic_communication) by extensions ['colcon_meta']
[0.338s] Level 1:colcon.colcon_core.package_identification:_identify(src/basic_communication) by extension 'colcon_meta'
[0.338s] Level 1:colcon.colcon_core.package_identification:_identify(src/basic_communication) by extensions ['ros']
[0.338s] Level 1:colcon.colcon_core.package_identification:_identify(src/basic_communication) by extension 'ros'
[0.340s] DEBUG:colcon.colcon_core.package_identification:Package 'src/basic_communication' with type 'ros.ament_cmake' and name 'basic_communication'
[0.340s] Level 1:colcon.colcon_core.package_discovery:discover_packages(recursive) using defaults
[0.340s] Level 1:colcon.colcon_core.package_discovery:discover_packages(ignore) discover
[0.340s] Level 1:colcon.colcon_core.package_discovery:discover_packages(ignore) using defaults
[0.340s] Level 1:colcon.colcon_core.package_discovery:discover_packages(path) discover
[0.340s] Level 1:colcon.colcon_core.package_discovery:discover_packages(path) using defaults
[0.366s] Level 1:colcon.colcon_core.package_discovery:discover_packages(prefix_path) check parameters
[0.366s] Level 1:colcon.colcon_core.package_discovery:discover_packages(prefix_path) discover
[0.368s] DEBUG:colcon.colcon_installed_package_information.package_discovery:Found 272 installed packages in /opt/ros/humble
[0.369s] Level 1:colcon.colcon_core.package_discovery:discover_packages(prefix_path) using defaults
[0.396s] Level 5:colcon.colcon_core.verb:set package 'basic_communication' build argument 'cmake_args' from command line to '['-DCMAKE_BUILD_TYPE=Debug']'
[0.396s] Level 5:colcon.colcon_core.verb:set package 'basic_communication' build argument 'cmake_target' from command line to 'None'
[0.396s] Level 5:colcon.colcon_core.verb:set package 'basic_communication' build argument 'cmake_target_skip_unavailable' from command line to 'False'
[0.396s] Level 5:colcon.colcon_core.verb:set package 'basic_communication' build argument 'cmake_clean_cache' from command line to 'False'
[0.396s] Level 5:colcon.colcon_core.verb:set package 'basic_communication' build argument 'cmake_clean_first' from command line to 'False'
[0.396s] Level 5:colcon.colcon_core.verb:set package 'basic_communication' build argument 'cmake_force_configure' from command line to 'False'
[0.396s] Level 5:colcon.colcon_core.verb:set package 'basic_communication' build argument 'ament_cmake_args' from command line to 'None'
[0.396s] Level 5:colcon.colcon_core.verb:set package 'basic_communication' build argument 'catkin_cmake_args' from command line to 'None'
[0.396s] Level 5:colcon.colcon_core.verb:set package 'basic_communication' build argument 'catkin_skip_building_tests' from command line to 'False'
[0.396s] DEBUG:colcon.colcon_core.verb:Building package 'basic_communication' with the following arguments: {'ament_cmake_args': None, 'build_base': '/home/acelab/ros2_cfi_project/build/basic_communication', 'catkin_cmake_args': None, 'catkin_skip_building_tests': False, 'cmake_args': ['-DCMAKE_BUILD_TYPE=Debug'], 'cmake_clean_cache': False, 'cmake_clean_first': False, 'cmake_force_configure': False, 'cmake_target': None, 'cmake_target_skip_unavailable': False, 'install_base': '/home/acelab/ros2_cfi_project/install/basic_communication', 'merge_install': False, 'path': '/home/acelab/ros2_cfi_project/src/basic_communication', 'symlink_install': False, 'test_result_base': None}
[0.396s] INFO:colcon.colcon_core.executor:Executing jobs using 'parallel' executor
[0.397s] DEBUG:colcon.colcon_parallel_executor.executor.parallel:run_until_complete
[0.397s] INFO:colcon.colcon_ros.task.ament_cmake.build:Building ROS package in '/home/acelab/ros2_cfi_project/src/basic_communication' with build type 'ament_cmake'
[0.397s] INFO:colcon.colcon_cmake.task.cmake.build:Building CMake package in '/home/acelab/ros2_cfi_project/src/basic_communication'
[0.400s] INFO:colcon.colcon_core.plugin_system:Skipping extension 'colcon_core.shell.bat': Not used on non-Windows systems
[0.400s] INFO:colcon.colcon_core.shell:Skip shell extension 'powershell' for command environment: Not usable outside of PowerShell
[0.400s] DEBUG:colcon.colcon_core.shell:Skip shell extension 'dsv' for command environment
[0.407s] DEBUG:colcon.colcon_core.event_handler.log_command:Invoking command in '/home/acelab/ros2_cfi_project/build/basic_communication': CMAKE_PREFIX_PATH=/opt/ros/humble /usr/bin/cmake /home/acelab/ros2_cfi_project/src/basic_communication -DCMAKE_BUILD_TYPE=Debug -DCMAKE_INSTALL_PREFIX=/home/acelab/ros2_cfi_project/install/basic_communication
[0.889s] DEBUG:colcon.colcon_core.event_handler.log_command:Invoked command in '/home/acelab/ros2_cfi_project/build/basic_communication' returned '0': CMAKE_PREFIX_PATH=/opt/ros/humble /usr/bin/cmake /home/acelab/ros2_cfi_project/src/basic_communication -DCMAKE_BUILD_TYPE=Debug -DCMAKE_INSTALL_PREFIX=/home/acelab/ros2_cfi_project/install/basic_communication
[0.891s] DEBUG:colcon.colcon_core.event_handler.log_command:Invoking command in '/home/acelab/ros2_cfi_project/build/basic_communication': CMAKE_PREFIX_PATH=/opt/ros/humble /usr/bin/cmake --build /home/acelab/ros2_cfi_project/build/basic_communication -- -j16 -l16
[9.578s] DEBUG:colcon.colcon_core.event_handler.log_command:Invoked command in '/home/acelab/ros2_cfi_project/build/basic_communication' returned '0': CMAKE_PREFIX_PATH=/opt/ros/humble /usr/bin/cmake --build /home/acelab/ros2_cfi_project/build/basic_communication -- -j16 -l16
[9.586s] DEBUG:colcon.colcon_core.event_handler.log_command:Invoking command in '/home/acelab/ros2_cfi_project/build/basic_communication': CMAKE_PREFIX_PATH=/opt/ros/humble /usr/bin/cmake --install /home/acelab/ros2_cfi_project/build/basic_communication
[9.636s] Level 1:colcon.colcon_core.environment:create_environment_scripts_only(basic_communication)
[9.636s] DEBUG:colcon.colcon_core.event_handler.log_command:Invoked command in '/home/acelab/ros2_cfi_project/build/basic_communication' returned '0': CMAKE_PREFIX_PATH=/opt/ros/humble /usr/bin/cmake --install /home/acelab/ros2_cfi_project/build/basic_communication
[9.641s] Level 1:colcon.colcon_core.environment:checking '/home/acelab/ros2_cfi_project/install/basic_communication' for CMake module files
[9.641s] Level 1:colcon.colcon_core.environment:checking '/home/acelab/ros2_cfi_project/install/basic_communication' for CMake config files
[9.641s] Level 1:colcon.colcon_core.shell:create_environment_hook('basic_communication', 'cmake_prefix_path')
[9.642s] INFO:colcon.colcon_core.shell:Creating environment hook '/home/acelab/ros2_cfi_project/install/basic_communication/share/basic_communication/hook/cmake_prefix_path.ps1'
[9.642s] INFO:colcon.colcon_core.shell:Creating environment descriptor '/home/acelab/ros2_cfi_project/install/basic_communication/share/basic_communication/hook/cmake_prefix_path.dsv'
[9.643s] INFO:colcon.colcon_core.shell:Creating environment hook '/home/acelab/ros2_cfi_project/install/basic_communication/share/basic_communication/hook/cmake_prefix_path.sh'
[9.643s] Level 1:colcon.colcon_core.environment:checking '/home/acelab/ros2_cfi_project/install/basic_communication/lib'
[9.643s] Level 1:colcon.colcon_core.environment:checking '/home/acelab/ros2_cfi_project/install/basic_communication/bin'
[9.644s] Level 1:colcon.colcon_core.environment:checking '/home/acelab/ros2_cfi_project/install/basic_communication/lib/pkgconfig/basic_communication.pc'
[9.644s] Level 1:colcon.colcon_core.environment:checking '/home/acelab/ros2_cfi_project/install/basic_communication/lib/python3.10/site-packages'
[9.644s] Level 1:colcon.colcon_core.environment:checking '/home/acelab/ros2_cfi_project/install/basic_communication/bin'
[9.644s] INFO:colcon.colcon_core.shell:Creating package script '/home/acelab/ros2_cfi_project/install/basic_communication/share/basic_communication/package.ps1'
[9.645s] INFO:colcon.colcon_core.shell:Creating package descriptor '/home/acelab/ros2_cfi_project/install/basic_communication/share/basic_communication/package.dsv'
[9.645s] INFO:colcon.colcon_core.shell:Creating package script '/home/acelab/ros2_cfi_project/install/basic_communication/share/basic_communication/package.sh'
[9.646s] INFO:colcon.colcon_core.shell:Creating package script '/home/acelab/ros2_cfi_project/install/basic_communication/share/basic_communication/package.bash'
[9.646s] INFO:colcon.colcon_core.shell:Creating package script '/home/acelab/ros2_cfi_project/install/basic_communication/share/basic_communication/package.zsh'
[9.647s] Level 1:colcon.colcon_core.environment:create_file_with_runtime_dependencies(/home/acelab/ros2_cfi_project/install/basic_communication/share/colcon-core/packages/basic_communication)
[9.647s] Level 1:colcon.colcon_core.environment:create_environment_scripts_only(basic_communication)
[9.648s] Level 1:colcon.colcon_core.environment:checking '/home/acelab/ros2_cfi_project/install/basic_communication' for CMake module files
[9.648s] Level 1:colcon.colcon_core.environment:checking '/home/acelab/ros2_cfi_project/install/basic_communication' for CMake config files
[9.648s] Level 1:colcon.colcon_core.shell:create_environment_hook('basic_communication', 'cmake_prefix_path')
[9.648s] INFO:colcon.colcon_core.shell:Creating environment hook '/home/acelab/ros2_cfi_project/install/basic_communication/share/basic_communication/hook/cmake_prefix_path.ps1'
[9.648s] INFO:colcon.colcon_core.shell:Creating environment descriptor '/home/acelab/ros2_cfi_project/install/basic_communication/share/basic_communication/hook/cmake_prefix_path.dsv'
[9.649s] INFO:colcon.colcon_core.shell:Creating environment hook '/home/acelab/ros2_cfi_project/install/basic_communication/share/basic_communication/hook/cmake_prefix_path.sh'
[9.649s] Level 1:colcon.colcon_core.environment:checking '/home/acelab/ros2_cfi_project/install/basic_communication/lib'
[9.649s] Level 1:colcon.colcon_core.environment:checking '/home/acelab/ros2_cfi_project/install/basic_communication/bin'
[9.649s] Level 1:colcon.colcon_core.environment:checking '/home/acelab/ros2_cfi_project/install/basic_communication/lib/pkgconfig/basic_communication.pc'
[9.649s] Level 1:colcon.colcon_core.environment:checking '/home/acelab/ros2_cfi_project/install/basic_communication/lib/python3.10/site-packages'
[9.649s] Level 1:colcon.colcon_core.environment:checking '/home/acelab/ros2_cfi_project/install/basic_communication/bin'
[9.649s] INFO:colcon.colcon_core.shell:Creating package script '/home/acelab/ros2_cfi_project/install/basic_communication/share/basic_communication/package.ps1'
[9.650s] INFO:colcon.colcon_core.shell:Creating package descriptor '/home/acelab/ros2_cfi_project/install/basic_communication/share/basic_communication/package.dsv'
[9.650s] INFO:colcon.colcon_core.shell:Creating package script '/home/acelab/ros2_cfi_project/install/basic_communication/share/basic_communication/package.sh'
[9.650s] INFO:colcon.colcon_core.shell:Creating package script '/home/acelab/ros2_cfi_project/install/basic_communication/share/basic_communication/package.bash'
[9.651s] INFO:colcon.colcon_core.shell:Creating package script '/home/acelab/ros2_cfi_project/install/basic_communication/share/basic_communication/package.zsh'
[9.651s] Level 1:colcon.colcon_core.environment:create_file_with_runtime_dependencies(/home/acelab/ros2_cfi_project/install/basic_communication/share/colcon-core/packages/basic_communication)
[9.651s] DEBUG:colcon.colcon_parallel_executor.executor.parallel:closing loop
[9.651s] DEBUG:colcon.colcon_parallel_executor.executor.parallel:loop closed
[9.651s] DEBUG:colcon.colcon_parallel_executor.executor.parallel:run_until_complete finished with '0'
[9.651s] DEBUG:colcon.colcon_core.event_reactor:joining thread
[9.656s] INFO:colcon.colcon_core.plugin_system:Skipping extension 'colcon_notification.desktop_notification.terminal_notifier': Not used on non-Darwin systems
[9.656s] INFO:colcon.colcon_core.plugin_system:Skipping extension 'colcon_notification.desktop_notification.win32': Not used on non-Windows systems
[9.656s] INFO:colcon.colcon_notification.desktop_notification:Sending desktop notification using 'notify2'
[9.680s] DEBUG:colcon.colcon_core.event_reactor:joined thread
[9.680s] INFO:colcon.colcon_core.shell:Creating prefix script '/home/acelab/ros2_cfi_project/install/local_setup.ps1'
[9.681s] INFO:colcon.colcon_core.shell:Creating prefix util module '/home/acelab/ros2_cfi_project/install/_local_setup_util_ps1.py'
[9.716s] INFO:colcon.colcon_core.shell:Creating prefix chain script '/home/acelab/ros2_cfi_project/install/setup.ps1'
[9.717s] INFO:colcon.colcon_core.shell:Creating prefix script '/home/acelab/ros2_cfi_project/install/local_setup.sh'
[9.718s] INFO:colcon.colcon_core.shell:Creating prefix util module '/home/acelab/ros2_cfi_project/install/_local_setup_util_sh.py'
[9.719s] INFO:colcon.colcon_core.shell:Creating prefix chain script '/home/acelab/ros2_cfi_project/install/setup.sh'
[9.720s] INFO:colcon.colcon_core.shell:Creating prefix script '/home/acelab/ros2_cfi_project/install/local_setup.bash'
[9.722s] INFO:colcon.colcon_core.shell:Creating prefix chain script '/home/acelab/ros2_cfi_project/install/setup.bash'
[9.723s] INFO:colcon.colcon_core.shell:Creating prefix script '/home/acelab/ros2_cfi_project/install/local_setup.zsh'
[9.724s] INFO:colcon.colcon_core.shell:Creating prefix chain script '/home/acelab/ros2_cfi_project/install/setup.zsh'
